<?xml version="1.0" encoding="UTF-8"?>
<!-- Generated by org.testng.reporters.JUnitReportReporter -->
<testsuite hostname="AV-L7490-541" failures="0" tests="1" name="com.ui.TestCases.TC_HeadLine" time="14.348" errors="0" timestamp="30 Aug 2021 19:18:34 GMT" skipped="0">
  <testcase classname="com.ui.TestCases.TC_HeadLine" name="verifyWeather" time="14.348"/>
</testsuite> <!-- com.ui.TestCases.TC_HeadLine -->
